mode: set
git.canoozie.net/riddling/kgstore/pkg/model/edge.go:12.61,19.2 1 1
git.canoozie.net/riddling/kgstore/pkg/model/edge.go:22.47,24.2 1 1
git.canoozie.net/riddling/kgstore/pkg/model/edge.go:27.55,30.2 2 1
git.canoozie.net/riddling/kgstore/pkg/model/edge.go:33.43,35.2 1 1
git.canoozie.net/riddling/kgstore/pkg/model/errors.go:12.42,14.2 1 0
git.canoozie.net/riddling/kgstore/pkg/model/errors.go:21.46,23.2 1 0
git.canoozie.net/riddling/kgstore/pkg/model/errors.go:30.46,32.2 1 0
git.canoozie.net/riddling/kgstore/pkg/model/errors.go:39.47,41.2 1 0
git.canoozie.net/riddling/kgstore/pkg/model/errors.go:48.45,50.2 1 0
git.canoozie.net/riddling/kgstore/pkg/model/errors.go:59.49,61.2 1 0
git.canoozie.net/riddling/kgstore/pkg/model/logger.go:33.54,38.2 1 1
git.canoozie.net/riddling/kgstore/pkg/model/logger.go:41.67,42.30 1 1
git.canoozie.net/riddling/kgstore/pkg/model/logger.go:42.30,44.3 1 1
git.canoozie.net/riddling/kgstore/pkg/model/logger.go:48.66,49.29 1 1
git.canoozie.net/riddling/kgstore/pkg/model/logger.go:49.29,51.3 1 1
git.canoozie.net/riddling/kgstore/pkg/model/logger.go:55.66,56.29 1 1
git.canoozie.net/riddling/kgstore/pkg/model/logger.go:56.29,58.3 1 1
git.canoozie.net/riddling/kgstore/pkg/model/logger.go:62.67,63.30 1 1
git.canoozie.net/riddling/kgstore/pkg/model/logger.go:63.30,65.3 1 1
git.canoozie.net/riddling/kgstore/pkg/model/logger.go:72.34,74.2 1 1
git.canoozie.net/riddling/kgstore/pkg/model/logger.go:77.65,77.66 0 1
git.canoozie.net/riddling/kgstore/pkg/model/logger.go:80.64,80.65 0 1
git.canoozie.net/riddling/kgstore/pkg/model/logger.go:83.64,83.65 0 1
git.canoozie.net/riddling/kgstore/pkg/model/logger.go:86.65,86.66 0 1
git.canoozie.net/riddling/kgstore/pkg/model/logger.go:94.38,96.2 1 1
git.canoozie.net/riddling/kgstore/pkg/model/logger.go:99.32,101.2 1 1
git.canoozie.net/riddling/kgstore/pkg/model/node.go:11.45,17.2 1 1
git.canoozie.net/riddling/kgstore/pkg/model/node.go:20.47,22.2 1 1
git.canoozie.net/riddling/kgstore/pkg/model/node.go:25.55,28.2 2 1
git.canoozie.net/riddling/kgstore/pkg/model/node.go:31.43,33.2 1 1
git.canoozie.net/riddling/kgstore/pkg/model/page.go:21.41,27.2 1 1
git.canoozie.net/riddling/kgstore/pkg/model/page.go:30.39,32.2 1 1
git.canoozie.net/riddling/kgstore/pkg/model/page.go:35.41,37.2 1 1
git.canoozie.net/riddling/kgstore/pkg/model/page.go:40.44,42.2 1 1
git.canoozie.net/riddling/kgstore/pkg/model/page.go:45.31,47.2 1 1
git.canoozie.net/riddling/kgstore/pkg/model/page.go:50.32,52.2 1 1
git.canoozie.net/riddling/kgstore/pkg/model/page.go:55.33,57.2 1 1
git.canoozie.net/riddling/kgstore/pkg/model/page.go:60.28,62.2 1 1
git.canoozie.net/riddling/kgstore/pkg/model/page.go:65.29,67.2 1 1
git.canoozie.net/riddling/kgstore/pkg/model/page_allocator.go:40.69,41.19 1 1
git.canoozie.net/riddling/kgstore/pkg/model/page_allocator.go:41.19,43.3 1 1
git.canoozie.net/riddling/kgstore/pkg/model/page_allocator.go:44.2,44.19 1 1
git.canoozie.net/riddling/kgstore/pkg/model/page_allocator.go:44.19,46.3 1 1
git.canoozie.net/riddling/kgstore/pkg/model/page_allocator.go:48.2,56.3 1 1
git.canoozie.net/riddling/kgstore/pkg/model/page_allocator.go:60.51,64.2 3 1
git.canoozie.net/riddling/kgstore/pkg/model/page_allocator.go:67.56,74.49 4 1
git.canoozie.net/riddling/kgstore/pkg/model/page_allocator.go:74.49,77.3 2 1
git.canoozie.net/riddling/kgstore/pkg/model/page_allocator.go:80.2,80.26 1 1
git.canoozie.net/riddling/kgstore/pkg/model/page_allocator.go:80.26,83.3 2 1
git.canoozie.net/riddling/kgstore/pkg/model/page_allocator.go:83.8,87.3 2 1
git.canoozie.net/riddling/kgstore/pkg/model/page_allocator.go:90.2,99.18 5 1
git.canoozie.net/riddling/kgstore/pkg/model/page_allocator.go:103.62,108.30 3 1
git.canoozie.net/riddling/kgstore/pkg/model/page_allocator.go:108.30,111.3 2 1
git.canoozie.net/riddling/kgstore/pkg/model/page_allocator.go:114.2,123.12 5 1
git.canoozie.net/riddling/kgstore/pkg/model/page_allocator.go:127.64,132.30 3 1
git.canoozie.net/riddling/kgstore/pkg/model/page_allocator.go:132.30,134.3 1 1
git.canoozie.net/riddling/kgstore/pkg/model/page_allocator.go:137.2,138.18 2 1
git.canoozie.net/riddling/kgstore/pkg/model/page_allocator.go:142.58,146.2 3 1
git.canoozie.net/riddling/kgstore/pkg/model/page_allocator.go:149.51,153.2 3 1
git.canoozie.net/riddling/kgstore/pkg/model/page_allocator.go:156.46,160.2 3 1
git.canoozie.net/riddling/kgstore/pkg/model/page_allocator.go:163.48,165.2 1 1
git.canoozie.net/riddling/kgstore/pkg/model/page_allocator.go:168.41,170.2 1 1
git.canoozie.net/riddling/kgstore/pkg/model/page_allocator.go:173.39,178.2 4 1
git.canoozie.net/riddling/kgstore/pkg/model/page_allocator.go:181.52,186.32 4 1
git.canoozie.net/riddling/kgstore/pkg/model/page_allocator.go:186.32,187.21 1 1
git.canoozie.net/riddling/kgstore/pkg/model/page_allocator.go:187.21,189.4 1 1
git.canoozie.net/riddling/kgstore/pkg/model/page_allocator.go:192.2,192.19 1 1
git.canoozie.net/riddling/kgstore/pkg/model/page_allocator.go:196.34,206.2 7 1
git.canoozie.net/riddling/kgstore/pkg/model/page_serialization.go:16.48,17.17 1 1
git.canoozie.net/riddling/kgstore/pkg/model/page_serialization.go:17.17,19.3 1 1
git.canoozie.net/riddling/kgstore/pkg/model/page_serialization.go:22.2,39.20 7 1
git.canoozie.net/riddling/kgstore/pkg/model/page_serialization.go:43.50,44.32 1 1
git.canoozie.net/riddling/kgstore/pkg/model/page_serialization.go:44.32,46.3 1 1
git.canoozie.net/riddling/kgstore/pkg/model/page_serialization.go:49.2,62.18 7 1
git.canoozie.net/riddling/kgstore/pkg/model/page_serialization.go:66.81,67.17 1 1
git.canoozie.net/riddling/kgstore/pkg/model/page_serialization.go:67.17,69.3 1 1
git.canoozie.net/riddling/kgstore/pkg/model/page_serialization.go:71.2,71.44 1 1
git.canoozie.net/riddling/kgstore/pkg/model/page_serialization.go:71.44,73.3 1 1
git.canoozie.net/riddling/kgstore/pkg/model/page_serialization.go:76.2,77.16 2 1
git.canoozie.net/riddling/kgstore/pkg/model/page_serialization.go:77.16,79.3 1 0
git.canoozie.net/riddling/kgstore/pkg/model/page_serialization.go:82.2,82.45 1 1
git.canoozie.net/riddling/kgstore/pkg/model/page_serialization.go:82.45,87.3 1 1
git.canoozie.net/riddling/kgstore/pkg/model/page_serialization.go:90.2,96.29 3 1
git.canoozie.net/riddling/kgstore/pkg/model/page_serialization.go:100.75,101.17 1 1
git.canoozie.net/riddling/kgstore/pkg/model/page_serialization.go:101.17,103.3 1 1
git.canoozie.net/riddling/kgstore/pkg/model/page_serialization.go:105.2,105.44 1 1
git.canoozie.net/riddling/kgstore/pkg/model/page_serialization.go:105.44,107.3 1 1
git.canoozie.net/riddling/kgstore/pkg/model/page_serialization.go:110.2,110.31 1 1
git.canoozie.net/riddling/kgstore/pkg/model/page_serialization.go:110.31,112.3 1 0
git.canoozie.net/riddling/kgstore/pkg/model/page_serialization.go:115.2,121.53 3 1
git.canoozie.net/riddling/kgstore/pkg/model/page_serialization.go:121.53,123.3 1 0
git.canoozie.net/riddling/kgstore/pkg/model/page_serialization.go:125.2,127.20 2 1
git.canoozie.net/riddling/kgstore/pkg/model/page_serialization.go:128.16,130.56 1 1
git.canoozie.net/riddling/kgstore/pkg/model/page_serialization.go:130.56,132.4 1 0
git.canoozie.net/riddling/kgstore/pkg/model/page_serialization.go:135.3,136.74 2 1
git.canoozie.net/riddling/kgstore/pkg/model/page_serialization.go:136.74,138.4 1 0
git.canoozie.net/riddling/kgstore/pkg/model/page_serialization.go:141.3,141.70 1 1
git.canoozie.net/riddling/kgstore/pkg/model/page_serialization.go:141.70,143.4 1 0
git.canoozie.net/riddling/kgstore/pkg/model/page_serialization.go:146.3,147.75 2 1
git.canoozie.net/riddling/kgstore/pkg/model/page_serialization.go:147.75,149.4 1 0
git.canoozie.net/riddling/kgstore/pkg/model/page_serialization.go:152.3,152.42 1 1
git.canoozie.net/riddling/kgstore/pkg/model/page_serialization.go:152.42,154.73 2 1
git.canoozie.net/riddling/kgstore/pkg/model/page_serialization.go:154.73,156.5 1 0
git.canoozie.net/riddling/kgstore/pkg/model/page_serialization.go:157.4,157.69 1 1
git.canoozie.net/riddling/kgstore/pkg/model/page_serialization.go:157.69,159.5 1 0
git.canoozie.net/riddling/kgstore/pkg/model/page_serialization.go:160.4,160.75 1 1
git.canoozie.net/riddling/kgstore/pkg/model/page_serialization.go:160.75,162.5 1 0
git.canoozie.net/riddling/kgstore/pkg/model/page_serialization.go:163.4,163.71 1 1
git.canoozie.net/riddling/kgstore/pkg/model/page_serialization.go:163.71,165.5 1 0
git.canoozie.net/riddling/kgstore/pkg/model/page_serialization.go:168.16,170.57 1 1
git.canoozie.net/riddling/kgstore/pkg/model/page_serialization.go:170.57,172.4 1 0
git.canoozie.net/riddling/kgstore/pkg/model/page_serialization.go:175.3,176.74 2 1
git.canoozie.net/riddling/kgstore/pkg/model/page_serialization.go:176.74,178.4 1 0
git.canoozie.net/riddling/kgstore/pkg/model/page_serialization.go:181.3,181.70 1 1
git.canoozie.net/riddling/kgstore/pkg/model/page_serialization.go:181.70,183.4 1 0
git.canoozie.net/riddling/kgstore/pkg/model/page_serialization.go:186.3,187.75 2 1
git.canoozie.net/riddling/kgstore/pkg/model/page_serialization.go:187.75,189.4 1 0
git.canoozie.net/riddling/kgstore/pkg/model/page_serialization.go:192.3,192.42 1 1
git.canoozie.net/riddling/kgstore/pkg/model/page_serialization.go:192.42,194.73 2 1
git.canoozie.net/riddling/kgstore/pkg/model/page_serialization.go:194.73,196.5 1 0
git.canoozie.net/riddling/kgstore/pkg/model/page_serialization.go:197.4,197.69 1 1
git.canoozie.net/riddling/kgstore/pkg/model/page_serialization.go:197.69,199.5 1 0
git.canoozie.net/riddling/kgstore/pkg/model/page_serialization.go:200.4,200.75 1 1
git.canoozie.net/riddling/kgstore/pkg/model/page_serialization.go:200.75,202.5 1 0
git.canoozie.net/riddling/kgstore/pkg/model/page_serialization.go:203.4,203.71 1 1
git.canoozie.net/riddling/kgstore/pkg/model/page_serialization.go:203.71,205.5 1 0
git.canoozie.net/riddling/kgstore/pkg/model/page_serialization.go:208.20,211.72 2 1
git.canoozie.net/riddling/kgstore/pkg/model/page_serialization.go:211.72,213.4 1 0
git.canoozie.net/riddling/kgstore/pkg/model/page_serialization.go:216.3,216.68 1 1
git.canoozie.net/riddling/kgstore/pkg/model/page_serialization.go:216.68,218.4 1 0
git.canoozie.net/riddling/kgstore/pkg/model/page_serialization.go:221.3,222.74 2 1
git.canoozie.net/riddling/kgstore/pkg/model/page_serialization.go:222.74,224.4 1 0
git.canoozie.net/riddling/kgstore/pkg/model/page_serialization.go:227.3,227.70 1 1
git.canoozie.net/riddling/kgstore/pkg/model/page_serialization.go:227.70,229.4 1 0
git.canoozie.net/riddling/kgstore/pkg/model/page_serialization.go:231.10,232.38 1 1
git.canoozie.net/riddling/kgstore/pkg/model/page_serialization.go:236.2,240.16 3 1
git.canoozie.net/riddling/kgstore/pkg/model/page_serialization.go:240.16,242.3 1 0
git.canoozie.net/riddling/kgstore/pkg/model/page_serialization.go:244.2,244.32 1 1
git.canoozie.net/riddling/kgstore/pkg/model/property.go:11.47,16.2 1 1
git.canoozie.net/riddling/kgstore/pkg/model/property.go:19.36,21.2 1 1
git.canoozie.net/riddling/kgstore/pkg/model/property.go:24.38,26.2 1 1
git.canoozie.net/riddling/kgstore/pkg/model/property.go:29.43,31.2 1 1
git.canoozie.net/riddling/kgstore/pkg/model/serialization.go:33.48,34.17 1 1
git.canoozie.net/riddling/kgstore/pkg/model/serialization.go:34.17,36.3 1 1
git.canoozie.net/riddling/kgstore/pkg/model/serialization.go:38.2,57.42 10 1
git.canoozie.net/riddling/kgstore/pkg/model/serialization.go:57.42,66.3 6 1
git.canoozie.net/riddling/kgstore/pkg/model/serialization.go:68.2,68.25 1 1
git.canoozie.net/riddling/kgstore/pkg/model/serialization.go:72.50,73.19 1 1
git.canoozie.net/riddling/kgstore/pkg/model/serialization.go:73.19,75.3 1 1
git.canoozie.net/riddling/kgstore/pkg/model/serialization.go:77.2,84.70 5 1
git.canoozie.net/riddling/kgstore/pkg/model/serialization.go:84.70,86.3 1 0
git.canoozie.net/riddling/kgstore/pkg/model/serialization.go:87.2,87.33 1 1
git.canoozie.net/riddling/kgstore/pkg/model/serialization.go:87.33,89.3 1 1
git.canoozie.net/riddling/kgstore/pkg/model/serialization.go:91.2,91.72 1 1
git.canoozie.net/riddling/kgstore/pkg/model/serialization.go:91.72,93.3 1 0
git.canoozie.net/riddling/kgstore/pkg/model/serialization.go:94.2,94.37 1 1
git.canoozie.net/riddling/kgstore/pkg/model/serialization.go:94.37,96.3 1 1
git.canoozie.net/riddling/kgstore/pkg/model/serialization.go:98.2,98.75 1 1
git.canoozie.net/riddling/kgstore/pkg/model/serialization.go:98.75,100.3 1 0
git.canoozie.net/riddling/kgstore/pkg/model/serialization.go:101.2,101.28 1 1
git.canoozie.net/riddling/kgstore/pkg/model/serialization.go:101.28,103.3 1 1
git.canoozie.net/riddling/kgstore/pkg/model/serialization.go:106.2,107.67 2 1
git.canoozie.net/riddling/kgstore/pkg/model/serialization.go:107.67,109.3 1 0
git.canoozie.net/riddling/kgstore/pkg/model/serialization.go:112.2,113.73 2 1
git.canoozie.net/riddling/kgstore/pkg/model/serialization.go:113.73,115.3 1 0
git.canoozie.net/riddling/kgstore/pkg/model/serialization.go:117.2,118.56 2 1
git.canoozie.net/riddling/kgstore/pkg/model/serialization.go:118.56,120.3 1 0
git.canoozie.net/riddling/kgstore/pkg/model/serialization.go:121.2,128.74 4 1
git.canoozie.net/riddling/kgstore/pkg/model/serialization.go:128.74,130.3 1 0
git.canoozie.net/riddling/kgstore/pkg/model/serialization.go:132.2,132.41 1 1
git.canoozie.net/riddling/kgstore/pkg/model/serialization.go:132.41,135.72 2 1
git.canoozie.net/riddling/kgstore/pkg/model/serialization.go:135.72,137.4 1 0
git.canoozie.net/riddling/kgstore/pkg/model/serialization.go:139.3,140.55 2 1
git.canoozie.net/riddling/kgstore/pkg/model/serialization.go:140.55,142.4 1 0
git.canoozie.net/riddling/kgstore/pkg/model/serialization.go:143.3,147.74 3 1
git.canoozie.net/riddling/kgstore/pkg/model/serialization.go:147.74,149.4 1 0
git.canoozie.net/riddling/kgstore/pkg/model/serialization.go:151.3,152.57 2 1
git.canoozie.net/riddling/kgstore/pkg/model/serialization.go:152.57,154.4 1 0
git.canoozie.net/riddling/kgstore/pkg/model/serialization.go:155.3,158.31 2 1
git.canoozie.net/riddling/kgstore/pkg/model/serialization.go:161.2,161.18 1 1
git.canoozie.net/riddling/kgstore/pkg/model/serialization.go:165.48,166.17 1 1
git.canoozie.net/riddling/kgstore/pkg/model/serialization.go:166.17,168.3 1 1
git.canoozie.net/riddling/kgstore/pkg/model/serialization.go:170.2,190.42 11 1
git.canoozie.net/riddling/kgstore/pkg/model/serialization.go:190.42,199.3 6 1
git.canoozie.net/riddling/kgstore/pkg/model/serialization.go:201.2,201.25 1 1
git.canoozie.net/riddling/kgstore/pkg/model/serialization.go:205.50,206.20 1 1
git.canoozie.net/riddling/kgstore/pkg/model/serialization.go:206.20,208.3 1 0
git.canoozie.net/riddling/kgstore/pkg/model/serialization.go:210.2,217.70 5 1
git.canoozie.net/riddling/kgstore/pkg/model/serialization.go:217.70,219.3 1 0
git.canoozie.net/riddling/kgstore/pkg/model/serialization.go:220.2,220.33 1 1
git.canoozie.net/riddling/kgstore/pkg/model/serialization.go:220.33,222.3 1 0
git.canoozie.net/riddling/kgstore/pkg/model/serialization.go:224.2,224.72 1 1
git.canoozie.net/riddling/kgstore/pkg/model/serialization.go:224.72,226.3 1 0
git.canoozie.net/riddling/kgstore/pkg/model/serialization.go:227.2,227.37 1 1
git.canoozie.net/riddling/kgstore/pkg/model/serialization.go:227.37,229.3 1 0
git.canoozie.net/riddling/kgstore/pkg/model/serialization.go:231.2,231.75 1 1
git.canoozie.net/riddling/kgstore/pkg/model/serialization.go:231.75,233.3 1 0
git.canoozie.net/riddling/kgstore/pkg/model/serialization.go:234.2,234.28 1 1
git.canoozie.net/riddling/kgstore/pkg/model/serialization.go:234.28,236.3 1 0
git.canoozie.net/riddling/kgstore/pkg/model/serialization.go:239.2,240.73 2 1
git.canoozie.net/riddling/kgstore/pkg/model/serialization.go:240.73,242.3 1 0
git.canoozie.net/riddling/kgstore/pkg/model/serialization.go:243.2,243.73 1 1
git.canoozie.net/riddling/kgstore/pkg/model/serialization.go:243.73,245.3 1 0
git.canoozie.net/riddling/kgstore/pkg/model/serialization.go:248.2,249.73 2 1
git.canoozie.net/riddling/kgstore/pkg/model/serialization.go:249.73,251.3 1 0
git.canoozie.net/riddling/kgstore/pkg/model/serialization.go:253.2,254.56 2 1
git.canoozie.net/riddling/kgstore/pkg/model/serialization.go:254.56,256.3 1 0
git.canoozie.net/riddling/kgstore/pkg/model/serialization.go:257.2,264.74 4 1
git.canoozie.net/riddling/kgstore/pkg/model/serialization.go:264.74,266.3 1 0
git.canoozie.net/riddling/kgstore/pkg/model/serialization.go:268.2,268.41 1 1
git.canoozie.net/riddling/kgstore/pkg/model/serialization.go:268.41,271.72 2 1
git.canoozie.net/riddling/kgstore/pkg/model/serialization.go:271.72,273.4 1 0
git.canoozie.net/riddling/kgstore/pkg/model/serialization.go:275.3,276.55 2 1
git.canoozie.net/riddling/kgstore/pkg/model/serialization.go:276.55,278.4 1 0
git.canoozie.net/riddling/kgstore/pkg/model/serialization.go:279.3,283.74 3 1
git.canoozie.net/riddling/kgstore/pkg/model/serialization.go:283.74,285.4 1 0
git.canoozie.net/riddling/kgstore/pkg/model/serialization.go:287.3,288.57 2 1
git.canoozie.net/riddling/kgstore/pkg/model/serialization.go:288.57,290.4 1 0
git.canoozie.net/riddling/kgstore/pkg/model/serialization.go:291.3,294.31 2 1
git.canoozie.net/riddling/kgstore/pkg/model/serialization.go:297.2,297.18 1 1
git.canoozie.net/riddling/kgstore/pkg/model/serialization.go:301.60,302.21 1 1
git.canoozie.net/riddling/kgstore/pkg/model/serialization.go:302.21,304.3 1 1
git.canoozie.net/riddling/kgstore/pkg/model/serialization.go:306.2,323.25 11 1
git.canoozie.net/riddling/kgstore/pkg/model/serialization.go:327.58,328.19 1 1
git.canoozie.net/riddling/kgstore/pkg/model/serialization.go:328.19,330.3 1 0
git.canoozie.net/riddling/kgstore/pkg/model/serialization.go:332.2,339.70 5 1
git.canoozie.net/riddling/kgstore/pkg/model/serialization.go:339.70,341.3 1 0
git.canoozie.net/riddling/kgstore/pkg/model/serialization.go:342.2,342.33 1 1
git.canoozie.net/riddling/kgstore/pkg/model/serialization.go:342.33,344.3 1 0
git.canoozie.net/riddling/kgstore/pkg/model/serialization.go:346.2,346.72 1 1
git.canoozie.net/riddling/kgstore/pkg/model/serialization.go:346.72,348.3 1 0
git.canoozie.net/riddling/kgstore/pkg/model/serialization.go:349.2,349.37 1 1
git.canoozie.net/riddling/kgstore/pkg/model/serialization.go:349.37,351.3 1 0
git.canoozie.net/riddling/kgstore/pkg/model/serialization.go:353.2,353.75 1 1
git.canoozie.net/riddling/kgstore/pkg/model/serialization.go:353.75,355.3 1 0
git.canoozie.net/riddling/kgstore/pkg/model/serialization.go:356.2,356.32 1 1
git.canoozie.net/riddling/kgstore/pkg/model/serialization.go:356.32,358.3 1 0
git.canoozie.net/riddling/kgstore/pkg/model/serialization.go:361.2,362.71 2 1
git.canoozie.net/riddling/kgstore/pkg/model/serialization.go:362.71,364.3 1 0
git.canoozie.net/riddling/kgstore/pkg/model/serialization.go:366.2,367.54 2 1
git.canoozie.net/riddling/kgstore/pkg/model/serialization.go:367.54,369.3 1 0
git.canoozie.net/riddling/kgstore/pkg/model/serialization.go:370.2,374.73 3 1
git.canoozie.net/riddling/kgstore/pkg/model/serialization.go:374.73,376.3 1 0
git.canoozie.net/riddling/kgstore/pkg/model/serialization.go:378.2,379.56 2 1
git.canoozie.net/riddling/kgstore/pkg/model/serialization.go:379.56,381.3 1 0
git.canoozie.net/riddling/kgstore/pkg/model/serialization.go:382.2,385.37 2 1
git.canoozie.net/riddling/kgstore/pkg/model/serialization.go:389.66,390.28 1 1
git.canoozie.net/riddling/kgstore/pkg/model/serialization.go:391.13,392.26 1 1
git.canoozie.net/riddling/kgstore/pkg/model/serialization.go:393.13,394.26 1 1
git.canoozie.net/riddling/kgstore/pkg/model/serialization.go:395.17,396.30 1 1
git.canoozie.net/riddling/kgstore/pkg/model/serialization.go:397.10,398.70 1 1
git.canoozie.net/riddling/kgstore/pkg/model/serialization.go:403.65,404.19 1 1
git.canoozie.net/riddling/kgstore/pkg/model/serialization.go:404.19,406.3 1 0
git.canoozie.net/riddling/kgstore/pkg/model/serialization.go:409.2,412.53 2 1
git.canoozie.net/riddling/kgstore/pkg/model/serialization.go:412.53,414.3 1 0
git.canoozie.net/riddling/kgstore/pkg/model/serialization.go:417.2,418.75 2 1
git.canoozie.net/riddling/kgstore/pkg/model/serialization.go:418.75,420.3 1 0
git.canoozie.net/riddling/kgstore/pkg/model/serialization.go:423.2,423.20 1 1
git.canoozie.net/riddling/kgstore/pkg/model/serialization.go:424.16,425.31 1 1
git.canoozie.net/riddling/kgstore/pkg/model/serialization.go:426.16,427.31 1 1
git.canoozie.net/riddling/kgstore/pkg/model/serialization.go:428.20,429.35 1 1
git.canoozie.net/riddling/kgstore/pkg/model/serialization.go:430.10,431.35 1 0
